<?xml version="1.0" encoding="UTF-8"?>
<testng-results ignored="0" total="1" passed="1" failed="0" skipped="0">
  <reporter-output>
  </reporter-output>
  <suite started-at="2025-04-29T11:43:47 IST" name="Suite" finished-at="2025-04-29T11:43:53 IST" duration-ms="5579">
    <groups>
    </groups>
    <test started-at="2025-04-29T11:43:47 IST" name="Test" finished-at="2025-04-29T11:43:53 IST" duration-ms="5579">
      <class name="testCases.TC0001_AccountRegistration">
        <test-method is-config="true" signature="setup(java.lang.String,java.lang.String)[pri:0, instance:testCases.TC0001_AccountRegistration@27216cd]" started-at="2025-04-29T11:43:48 IST" name="setup" finished-at="2025-04-29T11:43:50 IST" duration-ms="2801" status="PASS">
          <params>
            <param index="0">
              <value>
                <![CDATA[windows]]>
              </value>
            </param>
            <param index="1">
              <value>
                <![CDATA[chrome]]>
              </value>
            </param>
          </params>
          <reporter-output>
          </reporter-output>
        </test-method> <!-- setup -->
        <test-method signature="verify_accountregistration()[pri:0, instance:testCases.TC0001_AccountRegistration@27216cd]" started-at="2025-04-29T11:43:50 IST" name="verify_accountregistration" finished-at="2025-04-29T11:43:53 IST" duration-ms="2533" status="PASS">
          <reporter-output>
          </reporter-output>
        </test-method> <!-- verify_accountregistration -->
        <test-method is-config="true" signature="teardown()[pri:0, instance:testCases.TC0001_AccountRegistration@27216cd]" started-at="2025-04-29T11:43:53 IST" name="teardown" finished-at="2025-04-29T11:43:53 IST" duration-ms="201" status="PASS">
          <reporter-output>
          </reporter-output>
        </test-method> <!-- teardown -->
      </class> <!-- testCases.TC0001_AccountRegistration -->
    </test> <!-- Test -->
  </suite> <!-- Suite -->
</testng-results>
